2026-01-14 23:08:55,302 - INFO - {"user_id": null, "method": "GET", "path": "/", "status_code": 200, "process_time": "0.002s", "timestamp": "2026-01-14 23:08:55"}
2026-01-14 23:08:56,103 - INFO - {"user_id": null, "method": "POST", "path": "/auth/login", "status_code": 401, "process_time": "0.003s", "timestamp": "2026-01-14 23:08:56"}
2026-01-14 23:08:56,113 - INFO - {"user_id": null, "method": "POST", "path": "/auth/login", "status_code": 401, "process_time": "0.002s", "timestamp": "2026-01-14 23:08:56"}
2026-01-14 23:08:56,133 - INFO - {"user_id": null, "method": "POST", "path": "/categories/", "status_code": 201, "process_time": "0.012s", "timestamp": "2026-01-14 23:08:56"}
2026-01-14 23:08:56,138 - INFO - {"user_id": null, "method": "GET", "path": "/categories/", "status_code": 200, "process_time": "0.002s", "timestamp": "2026-01-14 23:08:56"}
2026-01-14 23:08:56,148 - INFO - {"user_id": null, "method": "POST", "path": "/products/", "status_code": 201, "process_time": "0.006s", "timestamp": "2026-01-14 23:08:56"}
2026-01-14 23:08:56,155 - INFO - {"user_id": null, "method": "POST", "path": "/auth/login", "status_code": 401, "process_time": "0.002s", "timestamp": "2026-01-14 23:08:56"}
2026-01-14 23:08:56,167 - INFO - {"user_id": null, "method": "POST", "path": "/auth/login", "status_code": 401, "process_time": "0.002s", "timestamp": "2026-01-14 23:08:56"}
2026-01-14 23:08:56,190 - INFO - {"user_id": null, "method": "POST", "path": "/auth/login", "status_code": 401, "process_time": "0.006s", "timestamp": "2026-01-14 23:08:56"}
2026-01-14 23:08:56,205 - INFO - {"user_id": null, "method": "POST", "path": "/auth/login", "status_code": 401, "process_time": "0.003s", "timestamp": "2026-01-14 23:08:56"}
2026-01-14 23:08:56,226 - INFO - {"user_id": null, "method": "POST", "path": "/shipping/calculate", "status_code": 200, "process_time": "0.006s", "timestamp": "2026-01-14 23:08:56"}
2026-01-14 23:08:56,233 - INFO - {"user_id": null, "method": "POST", "path": "/shipping/calculate", "status_code": 200, "process_time": "0.002s", "timestamp": "2026-01-14 23:08:56"}
2026-01-14 23:09:58,872 - INFO - {"user_id": null, "method": "GET", "path": "/", "status_code": 200, "process_time": "0.001s", "timestamp": "2026-01-14 23:09:58"}
2026-01-14 23:09:59,244 - INFO - {"user_id": null, "method": "POST", "path": "/auth/register", "status_code": 200, "process_time": "0.367s", "timestamp": "2026-01-14 23:09:59"}
2026-01-14 23:09:59,452 - INFO - {"user_id": null, "method": "POST", "path": "/auth/login", "status_code": 200, "process_time": "0.202s", "timestamp": "2026-01-14 23:09:59"}
2026-01-14 23:09:59,655 - INFO - {"user_id": null, "method": "POST", "path": "/auth/login", "status_code": 200, "process_time": "0.199s", "timestamp": "2026-01-14 23:09:59"}
2026-01-14 23:09:59,665 - INFO - {"user_id": "1", "method": "POST", "path": "/categories/", "status_code": 201, "process_time": "0.006s", "timestamp": "2026-01-14 23:09:59"}
2026-01-14 23:09:59,672 - INFO - {"user_id": null, "method": "POST", "path": "/categories/", "status_code": 201, "process_time": "0.003s", "timestamp": "2026-01-14 23:09:59"}
2026-01-14 23:09:59,678 - INFO - {"user_id": null, "method": "GET", "path": "/categories/", "status_code": 200, "process_time": "0.002s", "timestamp": "2026-01-14 23:09:59"}
2026-01-14 23:09:59,686 - INFO - {"user_id": null, "method": "POST", "path": "/products/", "status_code": 201, "process_time": "0.005s", "timestamp": "2026-01-14 23:09:59"}
2026-01-14 23:09:59,887 - INFO - {"user_id": null, "method": "POST", "path": "/auth/login", "status_code": 200, "process_time": "0.195s", "timestamp": "2026-01-14 23:09:59"}
2026-01-14 23:09:59,899 - INFO - {"user_id": null, "method": "POST", "path": "/coupons/", "status_code": 201, "process_time": "0.008s", "timestamp": "2026-01-14 23:09:59"}
2026-01-14 23:09:59,904 - INFO - {"user_id": null, "method": "POST", "path": "/categories/", "status_code": 400, "process_time": "0.002s", "timestamp": "2026-01-14 23:09:59"}
2026-01-14 23:09:59,909 - INFO - {"user_id": null, "method": "GET", "path": "/categories/", "status_code": 200, "process_time": "0.002s", "timestamp": "2026-01-14 23:09:59"}
2026-01-14 23:09:59,915 - INFO - {"user_id": null, "method": "POST", "path": "/products/", "status_code": 201, "process_time": "0.003s", "timestamp": "2026-01-14 23:09:59"}
2026-01-14 23:09:59,927 - INFO - {"user_id": "1", "method": "POST", "path": "/cart/", "status_code": 201, "process_time": "0.009s", "timestamp": "2026-01-14 23:09:59"}
2026-01-14 23:09:59,932 - INFO - {"user_id": "1", "method": "GET", "path": "/auth/me", "status_code": 401, "process_time": "0.002s", "timestamp": "2026-01-14 23:09:59"}
2026-01-14 23:10:00,230 - INFO - {"user_id": null, "method": "POST", "path": "/auth/login", "status_code": 200, "process_time": "0.196s", "timestamp": "2026-01-14 23:10:00"}
2026-01-14 23:10:00,235 - INFO - {"user_id": "1", "method": "GET", "path": "/auth/me", "status_code": 401, "process_time": "0.002s", "timestamp": "2026-01-14 23:10:00"}
2026-01-14 23:10:00,440 - INFO - {"user_id": null, "method": "POST", "path": "/auth/login", "status_code": 200, "process_time": "0.197s", "timestamp": "2026-01-14 23:10:00"}
2026-01-14 23:10:00,446 - INFO - {"user_id": null, "method": "POST", "path": "/categories/", "status_code": 400, "process_time": "0.002s", "timestamp": "2026-01-14 23:10:00"}
2026-01-14 23:10:00,450 - INFO - {"user_id": null, "method": "GET", "path": "/categories/", "status_code": 200, "process_time": "0.002s", "timestamp": "2026-01-14 23:10:00"}
2026-01-14 23:10:00,455 - INFO - {"user_id": null, "method": "POST", "path": "/products/", "status_code": 201, "process_time": "0.002s", "timestamp": "2026-01-14 23:10:00"}
2026-01-14 23:10:00,466 - INFO - {"user_id": "1", "method": "POST", "path": "/products/3/reviews", "status_code": 201, "process_time": "0.008s", "timestamp": "2026-01-14 23:10:00"}
2026-01-14 23:10:00,472 - INFO - {"user_id": null, "method": "GET", "path": "/products/3/reviews", "status_code": 200, "process_time": "0.003s", "timestamp": "2026-01-14 23:10:00"}
2026-01-14 23:10:00,674 - INFO - {"user_id": null, "method": "POST", "path": "/auth/login", "status_code": 200, "process_time": "0.197s", "timestamp": "2026-01-14 23:10:00"}
2026-01-14 23:10:00,680 - INFO - {"user_id": null, "method": "POST", "path": "/categories/", "status_code": 400, "process_time": "0.002s", "timestamp": "2026-01-14 23:10:00"}
2026-01-14 23:10:00,684 - INFO - {"user_id": null, "method": "GET", "path": "/categories/", "status_code": 200, "process_time": "0.002s", "timestamp": "2026-01-14 23:10:00"}
2026-01-14 23:10:00,690 - INFO - {"user_id": null, "method": "POST", "path": "/products/", "status_code": 201, "process_time": "0.003s", "timestamp": "2026-01-14 23:10:00"}
2026-01-14 23:10:00,698 - INFO - {"user_id": "1", "method": "POST", "path": "/cart/", "status_code": 201, "process_time": "0.005s", "timestamp": "2026-01-14 23:10:00"}
2026-01-14 23:10:00,715 - INFO - {"user_id": "1", "method": "POST", "path": "/orders/checkout", "status_code": 201, "process_time": "0.014s", "timestamp": "2026-01-14 23:10:00"}
2026-01-14 23:10:00,725 - INFO - {"user_id": null, "method": "POST", "path": "/shipping/calculate", "status_code": 200, "process_time": "0.002s", "timestamp": "2026-01-14 23:10:00"}
2026-01-14 23:10:00,729 - INFO - {"user_id": null, "method": "POST", "path": "/shipping/calculate", "status_code": 200, "process_time": "0.001s", "timestamp": "2026-01-14 23:10:00"}
2026-01-14 23:11:40,309 - INFO - {"user_id": null, "method": "GET", "path": "/", "status_code": 200, "process_time": "0.002s", "timestamp": "2026-01-14 23:11:40"}
2026-01-14 23:11:40,561 - INFO - {"user_id": null, "method": "POST", "path": "/auth/register", "status_code": 200, "process_time": "0.247s", "timestamp": "2026-01-14 23:11:40"}
2026-01-14 23:11:40,772 - INFO - {"user_id": null, "method": "POST", "path": "/auth/login", "status_code": 200, "process_time": "0.204s", "timestamp": "2026-01-14 23:11:40"}
2026-01-14 23:11:40,978 - INFO - {"user_id": null, "method": "POST", "path": "/auth/login", "status_code": 200, "process_time": "0.200s", "timestamp": "2026-01-14 23:11:40"}
2026-01-14 23:11:40,988 - INFO - {"user_id": "1", "method": "POST", "path": "/categories/", "status_code": 201, "process_time": "0.007s", "timestamp": "2026-01-14 23:11:40"}
2026-01-14 23:11:40,996 - INFO - {"user_id": null, "method": "POST", "path": "/categories/", "status_code": 201, "process_time": "0.003s", "timestamp": "2026-01-14 23:11:40"}
2026-01-14 23:11:41,003 - INFO - {"user_id": null, "method": "GET", "path": "/categories/", "status_code": 200, "process_time": "0.003s", "timestamp": "2026-01-14 23:11:41"}
2026-01-14 23:11:41,013 - INFO - {"user_id": null, "method": "POST", "path": "/products/", "status_code": 201, "process_time": "0.007s", "timestamp": "2026-01-14 23:11:41"}
2026-01-14 23:11:41,221 - INFO - {"user_id": null, "method": "POST", "path": "/auth/login", "status_code": 200, "process_time": "0.203s", "timestamp": "2026-01-14 23:11:41"}
2026-01-14 23:11:41,231 - INFO - {"user_id": null, "method": "POST", "path": "/coupons/", "status_code": 201, "process_time": "0.007s", "timestamp": "2026-01-14 23:11:41"}
2026-01-14 23:11:41,236 - INFO - {"user_id": null, "method": "POST", "path": "/categories/", "status_code": 400, "process_time": "0.002s", "timestamp": "2026-01-14 23:11:41"}
2026-01-14 23:11:41,240 - INFO - {"user_id": null, "method": "GET", "path": "/categories/", "status_code": 200, "process_time": "0.001s", "timestamp": "2026-01-14 23:11:41"}
2026-01-14 23:11:41,246 - INFO - {"user_id": null, "method": "POST", "path": "/products/", "status_code": 201, "process_time": "0.003s", "timestamp": "2026-01-14 23:11:41"}
2026-01-14 23:11:41,257 - INFO - {"user_id": "1", "method": "POST", "path": "/cart/", "status_code": 201, "process_time": "0.009s", "timestamp": "2026-01-14 23:11:41"}
2026-01-14 23:11:41,262 - INFO - {"user_id": "1", "method": "GET", "path": "/auth/me", "status_code": 200, "process_time": "0.003s", "timestamp": "2026-01-14 23:11:41"}
2026-01-14 23:11:41,268 - INFO - {"user_id": "1", "method": "POST", "path": "/cart/apply-coupon", "status_code": 200, "process_time": "0.004s", "timestamp": "2026-01-14 23:11:41"}
2026-01-14 23:11:41,469 - INFO - {"user_id": null, "method": "POST", "path": "/auth/login", "status_code": 200, "process_time": "0.197s", "timestamp": "2026-01-14 23:11:41"}
2026-01-14 23:11:41,476 - INFO - {"user_id": "1", "method": "GET", "path": "/auth/me", "status_code": 200, "process_time": "0.003s", "timestamp": "2026-01-14 23:11:41"}
2026-01-14 23:11:41,482 - INFO - {"user_id": "1", "method": "POST", "path": "/cart/apply-coupon", "status_code": 404, "process_time": "0.003s", "timestamp": "2026-01-14 23:11:41"}
2026-01-14 23:11:41,682 - INFO - {"user_id": null, "method": "POST", "path": "/auth/login", "status_code": 200, "process_time": "0.197s", "timestamp": "2026-01-14 23:11:41"}
2026-01-14 23:11:41,688 - INFO - {"user_id": null, "method": "POST", "path": "/categories/", "status_code": 400, "process_time": "0.002s", "timestamp": "2026-01-14 23:11:41"}
2026-01-14 23:11:41,692 - INFO - {"user_id": null, "method": "GET", "path": "/categories/", "status_code": 200, "process_time": "0.002s", "timestamp": "2026-01-14 23:11:41"}
2026-01-14 23:11:41,697 - INFO - {"user_id": null, "method": "POST", "path": "/products/", "status_code": 201, "process_time": "0.003s", "timestamp": "2026-01-14 23:11:41"}
2026-01-14 23:11:41,707 - INFO - {"user_id": "1", "method": "POST", "path": "/products/3/reviews", "status_code": 201, "process_time": "0.008s", "timestamp": "2026-01-14 23:11:41"}
2026-01-14 23:11:41,714 - INFO - {"user_id": null, "method": "GET", "path": "/products/3/reviews", "status_code": 200, "process_time": "0.004s", "timestamp": "2026-01-14 23:11:41"}
2026-01-14 23:11:41,916 - INFO - {"user_id": null, "method": "POST", "path": "/auth/login", "status_code": 200, "process_time": "0.199s", "timestamp": "2026-01-14 23:11:41"}
2026-01-14 23:11:41,922 - INFO - {"user_id": "1", "method": "DELETE", "path": "/cart/", "status_code": 422, "process_time": "0.003s", "timestamp": "2026-01-14 23:11:41"}
2026-01-14 23:11:41,927 - INFO - {"user_id": null, "method": "POST", "path": "/categories/", "status_code": 400, "process_time": "0.002s", "timestamp": "2026-01-14 23:11:41"}
2026-01-14 23:11:41,931 - INFO - {"user_id": null, "method": "GET", "path": "/categories/", "status_code": 200, "process_time": "0.002s", "timestamp": "2026-01-14 23:11:41"}
2026-01-14 23:11:41,937 - INFO - {"user_id": null, "method": "POST", "path": "/products/", "status_code": 201, "process_time": "0.003s", "timestamp": "2026-01-14 23:11:41"}
2026-01-14 23:11:41,946 - INFO - {"user_id": "1", "method": "POST", "path": "/cart/", "status_code": 201, "process_time": "0.005s", "timestamp": "2026-01-14 23:11:41"}
2026-01-14 23:11:41,960 - INFO - {"user_id": "1", "method": "POST", "path": "/orders/checkout", "status_code": 201, "process_time": "0.012s", "timestamp": "2026-01-14 23:11:41"}
2026-01-14 23:11:42,062 - INFO - {"user_id": null, "method": "POST", "path": "/shipping/calculate", "status_code": 200, "process_time": "0.004s", "timestamp": "2026-01-14 23:11:42"}
2026-01-14 23:11:42,065 - INFO - {"user_id": null, "method": "POST", "path": "/shipping/calculate", "status_code": 200, "process_time": "0.001s", "timestamp": "2026-01-14 23:11:42"}
2026-01-14 23:12:25,455 - INFO - {"user_id": null, "method": "GET", "path": "/", "status_code": 200, "process_time": "0.001s", "timestamp": "2026-01-14 23:12:25"}
2026-01-14 23:12:25,699 - INFO - {"user_id": null, "method": "POST", "path": "/auth/register", "status_code": 200, "process_time": "0.239s", "timestamp": "2026-01-14 23:12:25"}
2026-01-14 23:12:25,918 - INFO - {"user_id": null, "method": "POST", "path": "/auth/login", "status_code": 200, "process_time": "0.213s", "timestamp": "2026-01-14 23:12:25"}
2026-01-14 23:12:26,125 - INFO - {"user_id": null, "method": "POST", "path": "/auth/login", "status_code": 200, "process_time": "0.202s", "timestamp": "2026-01-14 23:12:26"}
2026-01-14 23:12:26,134 - INFO - {"user_id": "1", "method": "POST", "path": "/categories/", "status_code": 201, "process_time": "0.006s", "timestamp": "2026-01-14 23:12:26"}
2026-01-14 23:12:26,144 - INFO - {"user_id": null, "method": "POST", "path": "/categories/", "status_code": 201, "process_time": "0.003s", "timestamp": "2026-01-14 23:12:26"}
2026-01-14 23:12:26,148 - INFO - {"user_id": null, "method": "GET", "path": "/categories/", "status_code": 200, "process_time": "0.002s", "timestamp": "2026-01-14 23:12:26"}
2026-01-14 23:12:26,155 - INFO - {"user_id": null, "method": "POST", "path": "/products/", "status_code": 201, "process_time": "0.005s", "timestamp": "2026-01-14 23:12:26"}
2026-01-14 23:12:26,355 - INFO - {"user_id": null, "method": "POST", "path": "/auth/login", "status_code": 200, "process_time": "0.196s", "timestamp": "2026-01-14 23:12:26"}
2026-01-14 23:12:26,365 - INFO - {"user_id": null, "method": "POST", "path": "/coupons/", "status_code": 201, "process_time": "0.006s", "timestamp": "2026-01-14 23:12:26"}
2026-01-14 23:12:26,370 - INFO - {"user_id": null, "method": "POST", "path": "/categories/", "status_code": 400, "process_time": "0.002s", "timestamp": "2026-01-14 23:12:26"}
2026-01-14 23:12:26,374 - INFO - {"user_id": null, "method": "GET", "path": "/categories/", "status_code": 200, "process_time": "0.002s", "timestamp": "2026-01-14 23:12:26"}
2026-01-14 23:12:26,380 - INFO - {"user_id": null, "method": "POST", "path": "/products/", "status_code": 201, "process_time": "0.003s", "timestamp": "2026-01-14 23:12:26"}
2026-01-14 23:12:26,393 - INFO - {"user_id": "1", "method": "POST", "path": "/cart/", "status_code": 201, "process_time": "0.009s", "timestamp": "2026-01-14 23:12:26"}
2026-01-14 23:12:26,402 - INFO - {"user_id": "1", "method": "GET", "path": "/auth/me", "status_code": 200, "process_time": "0.005s", "timestamp": "2026-01-14 23:12:26"}
2026-01-14 23:12:26,410 - INFO - {"user_id": "1", "method": "POST", "path": "/cart/apply-coupon", "status_code": 200, "process_time": "0.005s", "timestamp": "2026-01-14 23:12:26"}
2026-01-14 23:12:26,615 - INFO - {"user_id": null, "method": "POST", "path": "/auth/login", "status_code": 200, "process_time": "0.199s", "timestamp": "2026-01-14 23:12:26"}
2026-01-14 23:12:26,621 - INFO - {"user_id": "1", "method": "GET", "path": "/auth/me", "status_code": 200, "process_time": "0.003s", "timestamp": "2026-01-14 23:12:26"}
2026-01-14 23:12:26,626 - INFO - {"user_id": "1", "method": "POST", "path": "/cart/apply-coupon", "status_code": 404, "process_time": "0.003s", "timestamp": "2026-01-14 23:12:26"}
2026-01-14 23:12:26,826 - INFO - {"user_id": null, "method": "POST", "path": "/auth/login", "status_code": 200, "process_time": "0.196s", "timestamp": "2026-01-14 23:12:26"}
2026-01-14 23:12:26,832 - INFO - {"user_id": null, "method": "POST", "path": "/categories/", "status_code": 400, "process_time": "0.003s", "timestamp": "2026-01-14 23:12:26"}
2026-01-14 23:12:26,836 - INFO - {"user_id": null, "method": "GET", "path": "/categories/", "status_code": 200, "process_time": "0.002s", "timestamp": "2026-01-14 23:12:26"}
2026-01-14 23:12:26,843 - INFO - {"user_id": null, "method": "POST", "path": "/products/", "status_code": 201, "process_time": "0.004s", "timestamp": "2026-01-14 23:12:26"}
2026-01-14 23:12:26,852 - INFO - {"user_id": "1", "method": "POST", "path": "/products/3/reviews", "status_code": 201, "process_time": "0.006s", "timestamp": "2026-01-14 23:12:26"}
2026-01-14 23:12:26,858 - INFO - {"user_id": null, "method": "GET", "path": "/products/3/reviews", "status_code": 200, "process_time": "0.003s", "timestamp": "2026-01-14 23:12:26"}
2026-01-14 23:12:27,066 - INFO - {"user_id": null, "method": "POST", "path": "/auth/register", "status_code": 200, "process_time": "0.204s", "timestamp": "2026-01-14 23:12:27"}
2026-01-14 23:12:27,267 - INFO - {"user_id": null, "method": "POST", "path": "/auth/login", "status_code": 200, "process_time": "0.197s", "timestamp": "2026-01-14 23:12:27"}
2026-01-14 23:12:27,273 - INFO - {"user_id": null, "method": "POST", "path": "/categories/", "status_code": 400, "process_time": "0.002s", "timestamp": "2026-01-14 23:12:27"}
2026-01-14 23:12:27,278 - INFO - {"user_id": null, "method": "GET", "path": "/categories/", "status_code": 200, "process_time": "0.002s", "timestamp": "2026-01-14 23:12:27"}
2026-01-14 23:12:27,284 - INFO - {"user_id": null, "method": "POST", "path": "/products/", "status_code": 201, "process_time": "0.003s", "timestamp": "2026-01-14 23:12:27"}
2026-01-14 23:12:27,291 - INFO - {"user_id": "2", "method": "POST", "path": "/cart/", "status_code": 201, "process_time": "0.004s", "timestamp": "2026-01-14 23:12:27"}
2026-01-14 23:12:27,303 - INFO - {"user_id": "2", "method": "POST", "path": "/orders/checkout", "status_code": 201, "process_time": "0.009s", "timestamp": "2026-01-14 23:12:27"}
2026-01-14 23:12:27,310 - INFO - {"user_id": "2", "method": "GET", "path": "/auth/me", "status_code": 200, "process_time": "0.003s", "timestamp": "2026-01-14 23:12:27"}
2026-01-14 23:12:27,317 - INFO - {"user_id": "2", "method": "GET", "path": "/orders/", "status_code": 200, "process_time": "0.005s", "timestamp": "2026-01-14 23:12:27"}
2026-01-14 23:12:27,324 - INFO - {"user_id": "2", "method": "GET", "path": "/orders/1", "status_code": 200, "process_time": "0.004s", "timestamp": "2026-01-14 23:12:27"}
2026-01-14 23:12:27,331 - INFO - {"user_id": null, "method": "POST", "path": "/shipping/calculate", "status_code": 200, "process_time": "0.002s", "timestamp": "2026-01-14 23:12:27"}
2026-01-14 23:12:27,335 - INFO - {"user_id": null, "method": "POST", "path": "/shipping/calculate", "status_code": 200, "process_time": "0.001s", "timestamp": "2026-01-14 23:12:27"}
